Using pre-set license
Built from '2020.3/staging' branch; Version is '2020.3.16f1 (049d6eca3c44) revision 302446'; Using compiler version '192528614'; Build Type 'Release'
OS: 'Windows 10 Enterprise; OS build 17134.2145; Version 1803; 64bit' Language: 'en' Physical Memory: 32669 MB
BatchMode: 1, IsHumanControllingUs: 0, StartBugReporterOnCrash: 0, Is64bit: 1, IsPro: 0

 COMMAND LINE ARGUMENTS:
D:\Program Files\Unity\2020.3.16f1\Editor\Unity.exe
-adb2
-batchMode
-noUpm
-name
AssetImportWorker0
-projectPath
D:/Students/William Gulick/Gulick-GDC1/Gulick-GDC1
-logFile
Logs/AssetImportWorker0.log
-srvPort
59693
Successfully changed project path to: D:/Students/William Gulick/Gulick-GDC1/Gulick-GDC1
D:/Students/William Gulick/Gulick-GDC1/Gulick-GDC1
Using Asset Import Pipeline V2.
Refreshing native plugins compatible for Editor in 26.99 ms, found 2 plugins.
Preloading 0 native plugins for Editor in 0.00 ms.
Initialize engine version: 2020.3.16f1 (049d6eca3c44)
[Subsystems] Discovering subsystems at path D:/Program Files/Unity/2020.3.16f1/Editor/Data/Resources/UnitySubsystems
[Subsystems] Discovering subsystems at path D:/Students/William Gulick/Gulick-GDC1/Gulick-GDC1/Assets
GfxDevice: creating device client; threaded=0
Direct3D:
    Version:  Direct3D 11.0 [level 11.1]
    Renderer: NVIDIA GeForce GTX 1080 (ID=0x1b80)
    Vendor:   
    VRAM:     8079 MB
    Driver:   30.0.14.7168
Initialize mono
Mono path[0] = 'D:/Program Files/Unity/2020.3.16f1/Editor/Data/Managed'
Mono path[1] = 'D:/Program Files/Unity/2020.3.16f1/Editor/Data/MonoBleedingEdge/lib/mono/unityjit'
Mono config path = 'D:/Program Files/Unity/2020.3.16f1/Editor/Data/MonoBleedingEdge/etc'
Using monoOptions --debugger-agent=transport=dt_socket,embedding=1,server=y,suspend=n,address=127.0.0.1:56544
Begin MonoManager ReloadAssembly
Registering precompiled unity dll's ...
Register platform support module: D:/Program Files/Unity/2020.3.16f1/Editor/Data/PlaybackEngines/WebGLSupport/UnityEditor.WebGL.Extensions.dll
Register platform support module: D:/Program Files/Unity/2020.3.16f1/Editor/Data/PlaybackEngines/WindowsStandaloneSupport/UnityEditor.WindowsStandalone.Extensions.dll
Registered in 0.001196 seconds.
Native extension for WindowsStandalone target not found
Native extension for WebGL target not found
Refreshing native plugins compatible for Editor in 25.47 ms, found 2 plugins.
Preloading 0 native plugins for Editor in 0.00 ms.
Mono: successfully reloaded assembly
- Completed reload, in  0.916 seconds
Domain Reload Profiling:
	ReloadAssembly (916ms)
		BeginReloadAssembly (46ms)
			ExecutionOrderSort (0ms)
			DisableScriptedObjects (0ms)
			BackupInstance (0ms)
			ReleaseScriptingObjects (0ms)
			CreateAndSetChildDomain (1ms)
		EndReloadAssembly (338ms)
			LoadAssemblies (46ms)
			RebuildTransferFunctionScriptingTraits (0ms)
			SetupTypeCache (125ms)
			ReleaseScriptCaches (0ms)
			RebuildScriptCaches (26ms)
			SetupLoadedEditorAssemblies (131ms)
				LogAssemblyErrors (0ms)
				InitializePlatformSupportModulesInManaged (3ms)
				SetLoadedEditorAssemblies (0ms)
				RefreshPlugins (26ms)
				BeforeProcessingInitializeOnLoad (14ms)
				ProcessInitializeOnLoadAttributes (66ms)
				ProcessInitializeOnLoadMethodAttributes (21ms)
				AfterProcessingInitializeOnLoad (0ms)
				EditorAssembliesLoaded (0ms)
			ExecutionOrderSort2 (0ms)
			AwakeInstancesAfterBackupRestoration (0ms)
Platform modules already initialized, skipping
Registering precompiled user dll's ...
Registered in 0.002775 seconds.
Begin MonoManager ReloadAssembly
Native extension for WindowsStandalone target not found
Native extension for WebGL target not found
Refreshing native plugins compatible for Editor in 0.30 ms, found 2 plugins.
Preloading 0 native plugins for Editor in 0.00 ms.
Mono: successfully reloaded assembly
- Completed reload, in  0.937 seconds
Domain Reload Profiling:
	ReloadAssembly (938ms)
		BeginReloadAssembly (123ms)
			ExecutionOrderSort (0ms)
			DisableScriptedObjects (4ms)
			BackupInstance (0ms)
			ReleaseScriptingObjects (0ms)
			CreateAndSetChildDomain (16ms)
		EndReloadAssembly (768ms)
			LoadAssemblies (75ms)
			RebuildTransferFunctionScriptingTraits (0ms)
			SetupTypeCache (231ms)
			ReleaseScriptCaches (0ms)
			RebuildScriptCaches (37ms)
			SetupLoadedEditorAssemblies (346ms)
				LogAssemblyErrors (0ms)
				InitializePlatformSupportModulesInManaged (5ms)
				SetLoadedEditorAssemblies (0ms)
				RefreshPlugins (0ms)
				BeforeProcessingInitializeOnLoad (60ms)
				ProcessInitializeOnLoadAttributes (275ms)
				ProcessInitializeOnLoadMethodAttributes (3ms)
				AfterProcessingInitializeOnLoad (2ms)
				EditorAssembliesLoaded (0ms)
			ExecutionOrderSort2 (0ms)
			AwakeInstancesAfterBackupRestoration (5ms)
Platform modules already initialized, skipping
========================================================================
Worker process is ready to serve import requests
Launched and connected shader compiler UnityShaderCompiler.exe after 0.04 seconds
Refreshing native plugins compatible for Editor in 0.30 ms, found 2 plugins.
Preloading 0 native plugins for Editor in 0.00 ms.
Unloading 1460 Unused Serialized files (Serialized files now loaded: 0)
System memory in use before: 68.5 MB.
System memory in use after: 68.6 MB.

Unloading 18 unused Assets to reduce memory usage. Loaded Objects now: 1896.
Total: 2.664107 ms (FindLiveObjects: 0.129707 ms CreateObjectMapping: 0.040960 ms MarkObjects: 2.396161 ms  DeleteObjects: 0.096427 ms)

AssetImportParameters requested are different than current active one (requested -> active):
  custom:framework-win-MediaFoundation: 216162199b28c13a410421893ffa2e32 -> 
  custom:video-decoder-ogg-theora: a1e56fd34408186e4bbccfd4996cb3dc -> 
  custom:container-muxer-webm: aa71ff27fc2769a1b78a27578f13a17b -> 
  custom:container-demuxer-webm: 4f35f7cbe854078d1ac9338744f61a02 -> 
  custom:container-demuxer-ogg: 62fdf1f143b41e24485cea50d1cbac27 -> 
  custom:video-encoder-webm-vp8: eb34c28f22e8b96e1ab97ce403110664 -> 
  custom:video-decoder-webm-vp8: 9c59270c3fd7afecdb556c50c9e8de78 -> 
  custom:audio-decoder-ogg-vorbis: bf7c407c2cedff20999df2af8eb42d56 -> 
  custom:audio-encoder-webm-vorbis: bf7c407c2cedff20999df2af8eb42d56 -> 
========================================================================
Received Import Request.
  path: Assets/Prefabs/Enemies/Enemy1.prefab
  artifactKey: Guid(e7abf28f3079f624f826cdf0479dc703) Importer(815301076,1909f56bfc062723c751e8b465ee728b)
Start importing Assets/Prefabs/Enemies/Enemy1.prefab using Guid(e7abf28f3079f624f826cdf0479dc703) Importer(815301076,1909f56bfc062723c751e8b465ee728b)  -> (artifact id: '95dbeaa85cf283fec0efc1d4756b05e8') in 0.087182 seconds 
  Import took 0.089323 seconds .

========================================================================
Received Import Request.
  Time since last request: 0.465097 seconds.
  path: Assets/Prefabs/Enemies/Enemy1.prefab
  artifactKey: Guid(e7abf28f3079f624f826cdf0479dc703) Importer(815301076,1909f56bfc062723c751e8b465ee728b)
Start importing Assets/Prefabs/Enemies/Enemy1.prefab using Guid(e7abf28f3079f624f826cdf0479dc703) Importer(815301076,1909f56bfc062723c751e8b465ee728b)  -> (artifact id: '9debd6331a48096062e74faa930d4c2e') in 0.011561 seconds 
  Import took 0.014186 seconds .

========================================================================
Received Import Request.
  Time since last request: 0.409063 seconds.
  path: Assets/Prefabs/Enemies/Enemy1.prefab
  artifactKey: Guid(e7abf28f3079f624f826cdf0479dc703) Importer(815301076,1909f56bfc062723c751e8b465ee728b)
Start importing Assets/Prefabs/Enemies/Enemy1.prefab using Guid(e7abf28f3079f624f826cdf0479dc703) Importer(815301076,1909f56bfc062723c751e8b465ee728b)  -> (artifact id: '8b8f266282d400fca71c0c3bac00b07c') in 0.009473 seconds 
  Import took 0.011932 seconds .

========================================================================
Received Import Request.
  Time since last request: 0.893501 seconds.
  path: Assets/Prefabs/Enemies/Enemy1.prefab
  artifactKey: Guid(e7abf28f3079f624f826cdf0479dc703) Importer(815301076,1909f56bfc062723c751e8b465ee728b)
Start importing Assets/Prefabs/Enemies/Enemy1.prefab using Guid(e7abf28f3079f624f826cdf0479dc703) Importer(815301076,1909f56bfc062723c751e8b465ee728b)  -> (artifact id: '3a0aa195cca07b03a495833d5e035622') in 0.007347 seconds 
  Import took 0.009696 seconds .

========================================================================
Received Import Request.
  Time since last request: 1.062892 seconds.
  path: Assets/Prefabs/Enemies/Enemy1.prefab
  artifactKey: Guid(e7abf28f3079f624f826cdf0479dc703) Importer(815301076,1909f56bfc062723c751e8b465ee728b)
Start importing Assets/Prefabs/Enemies/Enemy1.prefab using Guid(e7abf28f3079f624f826cdf0479dc703) Importer(815301076,1909f56bfc062723c751e8b465ee728b)  -> (artifact id: 'c528117c5a7376d68d56e873b35c076a') in 0.006790 seconds 
  Import took 0.009215 seconds .

========================================================================
Received Import Request.
  Time since last request: 297.190667 seconds.
  path: Assets/Prefabs/Enemies/Enemy1.prefab
  artifactKey: Guid(e7abf28f3079f624f826cdf0479dc703) Importer(815301076,1909f56bfc062723c751e8b465ee728b)
Start importing Assets/Prefabs/Enemies/Enemy1.prefab using Guid(e7abf28f3079f624f826cdf0479dc703) Importer(815301076,1909f56bfc062723c751e8b465ee728b)  -> (artifact id: '68c1d3c5bcdfcb6a34064baec39145ca') in 0.008743 seconds 
  Import took 0.012081 seconds .

========================================================================
Received Prepare
Registering precompiled user dll's ...
Registered in 0.002731 seconds.
Begin MonoManager ReloadAssembly
Native extension for WindowsStandalone target not found
Native extension for WebGL target not found
Refreshing native plugins compatible for Editor in 0.30 ms, found 2 plugins.
Preloading 0 native plugins for Editor in 0.00 ms.
Mono: successfully reloaded assembly
- Completed reload, in  0.882 seconds
Domain Reload Profiling:
	ReloadAssembly (883ms)
		BeginReloadAssembly (88ms)
			ExecutionOrderSort (0ms)
			DisableScriptedObjects (4ms)
			BackupInstance (0ms)
			ReleaseScriptingObjects (0ms)
			CreateAndSetChildDomain (29ms)
		EndReloadAssembly (742ms)
			LoadAssemblies (70ms)
			RebuildTransferFunctionScriptingTraits (0ms)
			SetupTypeCache (236ms)
			ReleaseScriptCaches (1ms)
			RebuildScriptCaches (35ms)
			SetupLoadedEditorAssemblies (320ms)
				LogAssemblyErrors (0ms)
				InitializePlatformSupportModulesInManaged (5ms)
				SetLoadedEditorAssemblies (0ms)
				RefreshPlugins (0ms)
				BeforeProcessingInitializeOnLoad (55ms)
				ProcessInitializeOnLoadAttributes (255ms)
				ProcessInitializeOnLoadMethodAttributes (3ms)
				AfterProcessingInitializeOnLoad (2ms)
				EditorAssembliesLoaded (0ms)
			ExecutionOrderSort2 (0ms)
			AwakeInstancesAfterBackupRestoration (6ms)
Platform modules already initialized, skipping
Refreshing native plugins compatible for Editor in 0.37 ms, found 2 plugins.
Preloading 0 native plugins for Editor in 0.00 ms.
Unloading 1441 Unused Serialized files (Serialized files now loaded: 0)
System memory in use before: 70.2 MB.
System memory in use after: 70.3 MB.

Unloading 13 unused Assets to reduce memory usage. Loaded Objects now: 1905.
Total: 2.281814 ms (FindLiveObjects: 0.122596 ms CreateObjectMapping: 0.039822 ms MarkObjects: 2.104605 ms  DeleteObjects: 0.014222 ms)

AssetImportParameters requested are different than current active one (requested -> active):
  custom:framework-win-MediaFoundation: 216162199b28c13a410421893ffa2e32 -> 
  custom:video-decoder-ogg-theora: a1e56fd34408186e4bbccfd4996cb3dc -> 
  custom:container-muxer-webm: aa71ff27fc2769a1b78a27578f13a17b -> 
  custom:container-demuxer-webm: 4f35f7cbe854078d1ac9338744f61a02 -> 
  custom:container-demuxer-ogg: 62fdf1f143b41e24485cea50d1cbac27 -> 
  custom:video-encoder-webm-vp8: eb34c28f22e8b96e1ab97ce403110664 -> 
  custom:video-decoder-webm-vp8: 9c59270c3fd7afecdb556c50c9e8de78 -> 
  custom:audio-decoder-ogg-vorbis: bf7c407c2cedff20999df2af8eb42d56 -> 
  custom:audio-encoder-webm-vorbis: bf7c407c2cedff20999df2af8eb42d56 -> 
========================================================================
Received Import Request.
  Time since last request: 1250.077139 seconds.
  path: ProjectSettings/TagManager.asset
  artifactKey: Guid(00000000000000003000000000000000) Importer(815301076,1909f56bfc062723c751e8b465ee728b)
Start importing ProjectSettings/TagManager.asset using Guid(00000000000000003000000000000000) Importer(815301076,1909f56bfc062723c751e8b465ee728b)  -> (artifact id: '32f6a4fc26ca5ae07218a3f0ab0beca4') in 0.019133 seconds 
  Import took 0.021719 seconds .

========================================================================
Received Prepare
Registering precompiled user dll's ...
Registered in 0.002746 seconds.
Begin MonoManager ReloadAssembly
Native extension for WindowsStandalone target not found
Native extension for WebGL target not found
Refreshing native plugins compatible for Editor in 0.34 ms, found 2 plugins.
Preloading 0 native plugins for Editor in 0.00 ms.
Mono: successfully reloaded assembly
- Completed reload, in  0.833 seconds
Domain Reload Profiling:
	ReloadAssembly (833ms)
		BeginReloadAssembly (88ms)
			ExecutionOrderSort (0ms)
			DisableScriptedObjects (4ms)
			BackupInstance (0ms)
			ReleaseScriptingObjects (0ms)
			CreateAndSetChildDomain (29ms)
		EndReloadAssembly (698ms)
			LoadAssemblies (70ms)
			RebuildTransferFunctionScriptingTraits (0ms)
			SetupTypeCache (221ms)
			ReleaseScriptCaches (1ms)
			RebuildScriptCaches (31ms)
			SetupLoadedEditorAssemblies (295ms)
				LogAssemblyErrors (0ms)
				InitializePlatformSupportModulesInManaged (5ms)
				SetLoadedEditorAssemblies (1ms)
				RefreshPlugins (0ms)
				BeforeProcessingInitializeOnLoad (60ms)
				ProcessInitializeOnLoadAttributes (224ms)
				ProcessInitializeOnLoadMethodAttributes (3ms)
				AfterProcessingInitializeOnLoad (3ms)
				EditorAssembliesLoaded (0ms)
			ExecutionOrderSort2 (0ms)
			AwakeInstancesAfterBackupRestoration (6ms)
Platform modules already initialized, skipping
Refreshing native plugins compatible for Editor in 0.33 ms, found 2 plugins.
Preloading 0 native plugins for Editor in 0.00 ms.
Unloading 1441 Unused Serialized files (Serialized files now loaded: 0)
System memory in use before: 70.2 MB.
System memory in use after: 70.3 MB.

Unloading 14 unused Assets to reduce memory usage. Loaded Objects now: 1907.
Total: 2.550899 ms (FindLiveObjects: 0.142507 ms CreateObjectMapping: 0.035271 ms MarkObjects: 2.356907 ms  DeleteObjects: 0.015360 ms)

AssetImportParameters requested are different than current active one (requested -> active):
  custom:framework-win-MediaFoundation: 216162199b28c13a410421893ffa2e32 -> 
  custom:video-decoder-ogg-theora: a1e56fd34408186e4bbccfd4996cb3dc -> 
  custom:container-muxer-webm: aa71ff27fc2769a1b78a27578f13a17b -> 
  custom:container-demuxer-webm: 4f35f7cbe854078d1ac9338744f61a02 -> 
  custom:container-demuxer-ogg: 62fdf1f143b41e24485cea50d1cbac27 -> 
  custom:video-encoder-webm-vp8: eb34c28f22e8b96e1ab97ce403110664 -> 
  custom:video-decoder-webm-vp8: 9c59270c3fd7afecdb556c50c9e8de78 -> 
  custom:audio-decoder-ogg-vorbis: bf7c407c2cedff20999df2af8eb42d56 -> 
  custom:audio-encoder-webm-vorbis: bf7c407c2cedff20999df2af8eb42d56 -> 
========================================================================
Received Prepare
Registering precompiled user dll's ...
Registered in 0.003700 seconds.
Begin MonoManager ReloadAssembly
Native extension for WindowsStandalone target not found
Native extension for WebGL target not found
Refreshing native plugins compatible for Editor in 0.32 ms, found 2 plugins.
Preloading 0 native plugins for Editor in 0.00 ms.
Mono: successfully reloaded assembly
- Completed reload, in  0.821 seconds
Domain Reload Profiling:
	ReloadAssembly (821ms)
		BeginReloadAssembly (93ms)
			ExecutionOrderSort (0ms)
			DisableScriptedObjects (4ms)
			BackupInstance (0ms)
			ReleaseScriptingObjects (0ms)
			CreateAndSetChildDomain (28ms)
		EndReloadAssembly (680ms)
			LoadAssemblies (68ms)
			RebuildTransferFunctionScriptingTraits (0ms)
			SetupTypeCache (213ms)
			ReleaseScriptCaches (1ms)
			RebuildScriptCaches (31ms)
			SetupLoadedEditorAssemblies (290ms)
				LogAssemblyErrors (0ms)
				InitializePlatformSupportModulesInManaged (5ms)
				SetLoadedEditorAssemblies (0ms)
				RefreshPlugins (0ms)
				BeforeProcessingInitializeOnLoad (57ms)
				ProcessInitializeOnLoadAttributes (222ms)
				ProcessInitializeOnLoadMethodAttributes (3ms)
				AfterProcessingInitializeOnLoad (2ms)
				EditorAssembliesLoaded (0ms)
			ExecutionOrderSort2 (0ms)
			AwakeInstancesAfterBackupRestoration (5ms)
Platform modules already initialized, skipping
Refreshing native plugins compatible for Editor in 0.31 ms, found 2 plugins.
Preloading 0 native plugins for Editor in 0.00 ms.
Unloading 1441 Unused Serialized files (Serialized files now loaded: 0)
System memory in use before: 70.2 MB.
System memory in use after: 70.4 MB.

Unloading 13 unused Assets to reduce memory usage. Loaded Objects now: 1909.
Total: 2.752854 ms (FindLiveObjects: 0.128853 ms CreateObjectMapping: 0.040960 ms MarkObjects: 2.542650 ms  DeleteObjects: 0.039538 ms)

AssetImportParameters requested are different than current active one (requested -> active):
  custom:framework-win-MediaFoundation: 216162199b28c13a410421893ffa2e32 -> 
  custom:video-decoder-ogg-theora: a1e56fd34408186e4bbccfd4996cb3dc -> 
  custom:container-muxer-webm: aa71ff27fc2769a1b78a27578f13a17b -> 
  custom:container-demuxer-webm: 4f35f7cbe854078d1ac9338744f61a02 -> 
  custom:container-demuxer-ogg: 62fdf1f143b41e24485cea50d1cbac27 -> 
  custom:video-encoder-webm-vp8: eb34c28f22e8b96e1ab97ce403110664 -> 
  custom:video-decoder-webm-vp8: 9c59270c3fd7afecdb556c50c9e8de78 -> 
  custom:audio-decoder-ogg-vorbis: bf7c407c2cedff20999df2af8eb42d56 -> 
  custom:audio-encoder-webm-vorbis: bf7c407c2cedff20999df2af8eb42d56 -> 
========================================================================
Received Import Request.
  Time since last request: 200.600477 seconds.
  path: Assets/Prefabs/Ammo.prefab
  artifactKey: Guid(4da598beb19c0f5438675340edae4ad4) Importer(815301076,1909f56bfc062723c751e8b465ee728b)
Start importing Assets/Prefabs/Ammo.prefab using Guid(4da598beb19c0f5438675340edae4ad4) Importer(815301076,1909f56bfc062723c751e8b465ee728b)  -> (artifact id: '9f123521df89f27ce564401aeb945694') in 0.048890 seconds 
  Import took 0.051009 seconds .

========================================================================
Received Prepare
Registering precompiled user dll's ...
Registered in 0.002887 seconds.
Begin MonoManager ReloadAssembly
Native extension for WindowsStandalone target not found
Native extension for WebGL target not found
Refreshing native plugins compatible for Editor in 0.31 ms, found 2 plugins.
Preloading 0 native plugins for Editor in 0.00 ms.
Mono: successfully reloaded assembly
- Completed reload, in  0.843 seconds
Domain Reload Profiling:
	ReloadAssembly (843ms)
		BeginReloadAssembly (83ms)
			ExecutionOrderSort (0ms)
			DisableScriptedObjects (4ms)
			BackupInstance (0ms)
			ReleaseScriptingObjects (0ms)
			CreateAndSetChildDomain (26ms)
		EndReloadAssembly (714ms)
			LoadAssemblies (67ms)
			RebuildTransferFunctionScriptingTraits (0ms)
			SetupTypeCache (221ms)
			ReleaseScriptCaches (1ms)
			RebuildScriptCaches (32ms)
			SetupLoadedEditorAssemblies (312ms)
				LogAssemblyErrors (0ms)
				InitializePlatformSupportModulesInManaged (5ms)
				SetLoadedEditorAssemblies (0ms)
				RefreshPlugins (0ms)
				BeforeProcessingInitializeOnLoad (53ms)
				ProcessInitializeOnLoadAttributes (248ms)
				ProcessInitializeOnLoadMethodAttributes (3ms)
				AfterProcessingInitializeOnLoad (2ms)
				EditorAssembliesLoaded (0ms)
			ExecutionOrderSort2 (0ms)
			AwakeInstancesAfterBackupRestoration (5ms)
Platform modules already initialized, skipping
Refreshing native plugins compatible for Editor in 0.31 ms, found 2 plugins.
Preloading 0 native plugins for Editor in 0.00 ms.
Unloading 1441 Unused Serialized files (Serialized files now loaded: 0)
System memory in use before: 70.3 MB.
System memory in use after: 70.4 MB.

Unloading 13 unused Assets to reduce memory usage. Loaded Objects now: 1912.
Total: 2.667521 ms (FindLiveObjects: 0.138524 ms CreateObjectMapping: 0.036693 ms MarkObjects: 2.476658 ms  DeleteObjects: 0.014791 ms)

AssetImportParameters requested are different than current active one (requested -> active):
  custom:framework-win-MediaFoundation: 216162199b28c13a410421893ffa2e32 -> 
  custom:video-decoder-ogg-theora: a1e56fd34408186e4bbccfd4996cb3dc -> 
  custom:container-muxer-webm: aa71ff27fc2769a1b78a27578f13a17b -> 
  custom:container-demuxer-webm: 4f35f7cbe854078d1ac9338744f61a02 -> 
  custom:container-demuxer-ogg: 62fdf1f143b41e24485cea50d1cbac27 -> 
  custom:video-encoder-webm-vp8: eb34c28f22e8b96e1ab97ce403110664 -> 
  custom:video-decoder-webm-vp8: 9c59270c3fd7afecdb556c50c9e8de78 -> 
  custom:audio-decoder-ogg-vorbis: bf7c407c2cedff20999df2af8eb42d56 -> 
  custom:audio-encoder-webm-vorbis: bf7c407c2cedff20999df2af8eb42d56 -> 
========================================================================
Received Import Request.
  Time since last request: 25.243742 seconds.
  path: Assets/Prefabs/Ammo.prefab
  artifactKey: Guid(4da598beb19c0f5438675340edae4ad4) Importer(815301076,1909f56bfc062723c751e8b465ee728b)
Start importing Assets/Prefabs/Ammo.prefab using Guid(4da598beb19c0f5438675340edae4ad4) Importer(815301076,1909f56bfc062723c751e8b465ee728b)  -> (artifact id: '66b06a5436bcff71c283735e5e3c7562') in 0.045468 seconds 
  Import took 0.047858 seconds .

========================================================================
Received Prepare
Registering precompiled user dll's ...
Registered in 0.003886 seconds.
Begin MonoManager ReloadAssembly
Native extension for WindowsStandalone target not found
Native extension for WebGL target not found
Refreshing native plugins compatible for Editor in 0.47 ms, found 2 plugins.
Preloading 0 native plugins for Editor in 0.00 ms.
Mono: successfully reloaded assembly
- Completed reload, in  0.840 seconds
Domain Reload Profiling:
	ReloadAssembly (841ms)
		BeginReloadAssembly (92ms)
			ExecutionOrderSort (0ms)
			DisableScriptedObjects (4ms)
			BackupInstance (0ms)
			ReleaseScriptingObjects (0ms)
			CreateAndSetChildDomain (28ms)
		EndReloadAssembly (701ms)
			LoadAssemblies (69ms)
			RebuildTransferFunctionScriptingTraits (0ms)
			SetupTypeCache (221ms)
			ReleaseScriptCaches (1ms)
			RebuildScriptCaches (33ms)
			SetupLoadedEditorAssemblies (296ms)
				LogAssemblyErrors (0ms)
				InitializePlatformSupportModulesInManaged (5ms)
				SetLoadedEditorAssemblies (1ms)
				RefreshPlugins (1ms)
				BeforeProcessingInitializeOnLoad (56ms)
				ProcessInitializeOnLoadAttributes (229ms)
				ProcessInitializeOnLoadMethodAttributes (3ms)
				AfterProcessingInitializeOnLoad (2ms)
				EditorAssembliesLoaded (0ms)
			ExecutionOrderSort2 (0ms)
			AwakeInstancesAfterBackupRestoration (6ms)
Platform modules already initialized, skipping
Refreshing native plugins compatible for Editor in 0.30 ms, found 2 plugins.
Preloading 0 native plugins for Editor in 0.00 ms.
Unloading 1441 Unused Serialized files (Serialized files now loaded: 0)
System memory in use before: 70.3 MB.
System memory in use after: 70.4 MB.

Unloading 13 unused Assets to reduce memory usage. Loaded Objects now: 1915.
Total: 2.694827 ms (FindLiveObjects: 0.141653 ms CreateObjectMapping: 0.035271 ms MarkObjects: 2.383361 ms  DeleteObjects: 0.132836 ms)

AssetImportParameters requested are different than current active one (requested -> active):
  custom:framework-win-MediaFoundation: 216162199b28c13a410421893ffa2e32 -> 
  custom:video-decoder-ogg-theora: a1e56fd34408186e4bbccfd4996cb3dc -> 
  custom:container-muxer-webm: aa71ff27fc2769a1b78a27578f13a17b -> 
  custom:container-demuxer-webm: 4f35f7cbe854078d1ac9338744f61a02 -> 
  custom:container-demuxer-ogg: 62fdf1f143b41e24485cea50d1cbac27 -> 
  custom:video-encoder-webm-vp8: eb34c28f22e8b96e1ab97ce403110664 -> 
  custom:video-decoder-webm-vp8: 9c59270c3fd7afecdb556c50c9e8de78 -> 
  custom:audio-decoder-ogg-vorbis: bf7c407c2cedff20999df2af8eb42d56 -> 
  custom:audio-encoder-webm-vorbis: bf7c407c2cedff20999df2af8eb42d56 -> 
========================================================================
Received Prepare
Registering precompiled user dll's ...
Registered in 0.003526 seconds.
Begin MonoManager ReloadAssembly
Native extension for WindowsStandalone target not found
Native extension for WebGL target not found
Refreshing native plugins compatible for Editor in 0.29 ms, found 2 plugins.
Preloading 0 native plugins for Editor in 0.00 ms.
Mono: successfully reloaded assembly
- Completed reload, in  0.863 seconds
Domain Reload Profiling:
	ReloadAssembly (863ms)
		BeginReloadAssembly (106ms)
			ExecutionOrderSort (0ms)
			DisableScriptedObjects (4ms)
			BackupInstance (0ms)
			ReleaseScriptingObjects (0ms)
			CreateAndSetChildDomain (37ms)
		EndReloadAssembly (709ms)
			LoadAssemblies (68ms)
			RebuildTransferFunctionScriptingTraits (0ms)
			SetupTypeCache (215ms)
			ReleaseScriptCaches (1ms)
			RebuildScriptCaches (31ms)
			SetupLoadedEditorAssemblies (315ms)
				LogAssemblyErrors (0ms)
				InitializePlatformSupportModulesInManaged (4ms)
				SetLoadedEditorAssemblies (0ms)
				RefreshPlugins (0ms)
				BeforeProcessingInitializeOnLoad (57ms)
				ProcessInitializeOnLoadAttributes (248ms)
				ProcessInitializeOnLoadMethodAttributes (3ms)
				AfterProcessingInitializeOnLoad (2ms)
				EditorAssembliesLoaded (0ms)
			ExecutionOrderSort2 (0ms)
			AwakeInstancesAfterBackupRestoration (6ms)
Platform modules already initialized, skipping
Refreshing native plugins compatible for Editor in 0.31 ms, found 2 plugins.
Preloading 0 native plugins for Editor in 0.00 ms.
Unloading 1441 Unused Serialized files (Serialized files now loaded: 0)
System memory in use before: 70.3 MB.
System memory in use after: 70.4 MB.

Unloading 13 unused Assets to reduce memory usage. Loaded Objects now: 1917.
Total: 2.572516 ms (FindLiveObjects: 0.140800 ms CreateObjectMapping: 0.036693 ms MarkObjects: 2.379378 ms  DeleteObjects: 0.014791 ms)

AssetImportParameters requested are different than current active one (requested -> active):
  custom:framework-win-MediaFoundation: 216162199b28c13a410421893ffa2e32 -> 
  custom:video-decoder-ogg-theora: a1e56fd34408186e4bbccfd4996cb3dc -> 
  custom:container-muxer-webm: aa71ff27fc2769a1b78a27578f13a17b -> 
  custom:container-demuxer-webm: 4f35f7cbe854078d1ac9338744f61a02 -> 
  custom:container-demuxer-ogg: 62fdf1f143b41e24485cea50d1cbac27 -> 
  custom:video-encoder-webm-vp8: eb34c28f22e8b96e1ab97ce403110664 -> 
  custom:video-decoder-webm-vp8: 9c59270c3fd7afecdb556c50c9e8de78 -> 
  custom:audio-decoder-ogg-vorbis: bf7c407c2cedff20999df2af8eb42d56 -> 
  custom:audio-encoder-webm-vorbis: bf7c407c2cedff20999df2af8eb42d56 -> 
========================================================================
Received Import Request.
  Time since last request: 130.296061 seconds.
  path: Assets/Prefabs/Ammo.prefab
  artifactKey: Guid(4da598beb19c0f5438675340edae4ad4) Importer(815301076,1909f56bfc062723c751e8b465ee728b)
Start importing Assets/Prefabs/Ammo.prefab using Guid(4da598beb19c0f5438675340edae4ad4) Importer(815301076,1909f56bfc062723c751e8b465ee728b)  -> (artifact id: 'd313f2dfe5445c2ce25352a9d5ab20fe') in 0.052062 seconds 
  Import took 0.064237 seconds .

========================================================================
Received Import Request.
  Time since last request: 8.788175 seconds.
  path: Assets/Prefabs/Ammo.prefab
  artifactKey: Guid(4da598beb19c0f5438675340edae4ad4) Importer(815301076,1909f56bfc062723c751e8b465ee728b)
Start importing Assets/Prefabs/Ammo.prefab using Guid(4da598beb19c0f5438675340edae4ad4) Importer(815301076,1909f56bfc062723c751e8b465ee728b)  -> (artifact id: '1ef5431c96ef7e2f553265a41d090217') in 0.011668 seconds 
  Import took 0.014263 seconds .

========================================================================
Received Import Request.
  Time since last request: 5.587443 seconds.
  path: Assets/Prefabs/Ammo.prefab
  artifactKey: Guid(4da598beb19c0f5438675340edae4ad4) Importer(815301076,1909f56bfc062723c751e8b465ee728b)
Start importing Assets/Prefabs/Ammo.prefab using Guid(4da598beb19c0f5438675340edae4ad4) Importer(815301076,1909f56bfc062723c751e8b465ee728b)  -> (artifact id: 'd0260844f9840b9c85bc55ab83c0781f') in 0.043680 seconds 
  Import took 0.046032 seconds .

========================================================================
Received Import Request.
  Time since last request: 2.670664 seconds.
  path: Assets/Prefabs/Ammo.prefab
  artifactKey: Guid(4da598beb19c0f5438675340edae4ad4) Importer(815301076,1909f56bfc062723c751e8b465ee728b)
Start importing Assets/Prefabs/Ammo.prefab using Guid(4da598beb19c0f5438675340edae4ad4) Importer(815301076,1909f56bfc062723c751e8b465ee728b)  -> (artifact id: 'add9c92edadff832843f5affd9156d13') in 0.009120 seconds 
  Import took 0.012316 seconds .

========================================================================
Received Import Request.
  Time since last request: 15.580937 seconds.
  path: Assets/Prefabs/Ammo.prefab
  artifactKey: Guid(4da598beb19c0f5438675340edae4ad4) Importer(815301076,1909f56bfc062723c751e8b465ee728b)
Start importing Assets/Prefabs/Ammo.prefab using Guid(4da598beb19c0f5438675340edae4ad4) Importer(815301076,1909f56bfc062723c751e8b465ee728b)  -> (artifact id: '1d3d314d4f9d51e06702f3e96b498a7a') in 0.009818 seconds 
  Import took 0.013240 seconds .

========================================================================
Received Import Request.
  Time since last request: 6.642031 seconds.
  path: Assets/Prefabs/Ammo.prefab
  artifactKey: Guid(4da598beb19c0f5438675340edae4ad4) Importer(815301076,1909f56bfc062723c751e8b465ee728b)
Start importing Assets/Prefabs/Ammo.prefab using Guid(4da598beb19c0f5438675340edae4ad4) Importer(815301076,1909f56bfc062723c751e8b465ee728b)  -> (artifact id: '950c5aeb1367c5f0d54641a909eb7fd5') in 0.009824 seconds 
  Import took 0.012430 seconds .

========================================================================
Received Import Request.
  Time since last request: 0.002472 seconds.
  path: Assets/Prefabs/Ammo.prefab
  artifactKey: Guid(4da598beb19c0f5438675340edae4ad4) Importer(815301076,1909f56bfc062723c751e8b465ee728b)
Start importing Assets/Prefabs/Ammo.prefab using Guid(4da598beb19c0f5438675340edae4ad4) Importer(815301076,1909f56bfc062723c751e8b465ee728b)  -> (artifact id: '950c5aeb1367c5f0d54641a909eb7fd5') in 0.009586 seconds 
  Import took 0.011936 seconds .

========================================================================
Received Import Request.
  Time since last request: 0.578005 seconds.
  path: Assets/Prefabs/Ammo.prefab
  artifactKey: Guid(4da598beb19c0f5438675340edae4ad4) Importer(815301076,1909f56bfc062723c751e8b465ee728b)
Start importing Assets/Prefabs/Ammo.prefab using Guid(4da598beb19c0f5438675340edae4ad4) Importer(815301076,1909f56bfc062723c751e8b465ee728b)  -> (artifact id: '8278ea5d89ccdfb9e212062d10a1d2ae') in 0.010237 seconds 
  Import took 0.012987 seconds .

========================================================================
Received Import Request.
  Time since last request: 0.814891 seconds.
  path: Assets/Prefabs/Ammo.prefab
  artifactKey: Guid(4da598beb19c0f5438675340edae4ad4) Importer(815301076,1909f56bfc062723c751e8b465ee728b)
Start importing Assets/Prefabs/Ammo.prefab using Guid(4da598beb19c0f5438675340edae4ad4) Importer(815301076,1909f56bfc062723c751e8b465ee728b)  -> (artifact id: '28d6a12805b2b997abc182ef57557ca6') in 0.010275 seconds 
  Import took 0.012842 seconds .

========================================================================
Received Import Request.
  Time since last request: 6.446785 seconds.
  path: Assets/Prefabs/Ammo.prefab
  artifactKey: Guid(4da598beb19c0f5438675340edae4ad4) Importer(815301076,1909f56bfc062723c751e8b465ee728b)
Start importing Assets/Prefabs/Ammo.prefab using Guid(4da598beb19c0f5438675340edae4ad4) Importer(815301076,1909f56bfc062723c751e8b465ee728b)  -> (artifact id: '2839dfda3d72a0fea41738a44228eb34') in 0.010549 seconds 
  Import took 0.012766 seconds .

========================================================================
Received Import Request.
  Time since last request: 15.132125 seconds.
  path: Assets/Prefabs/Ammo.prefab
  artifactKey: Guid(4da598beb19c0f5438675340edae4ad4) Importer(815301076,1909f56bfc062723c751e8b465ee728b)
Start importing Assets/Prefabs/Ammo.prefab using Guid(4da598beb19c0f5438675340edae4ad4) Importer(815301076,1909f56bfc062723c751e8b465ee728b)  -> (artifact id: '6831f638469a925c72e0411c8001aa15') in 0.008117 seconds 
  Import took 0.010608 seconds .

========================================================================
Received Import Request.
  Time since last request: 14.107919 seconds.
  path: Assets/Prefabs/Ammo.prefab
  artifactKey: Guid(4da598beb19c0f5438675340edae4ad4) Importer(815301076,1909f56bfc062723c751e8b465ee728b)
Start importing Assets/Prefabs/Ammo.prefab using Guid(4da598beb19c0f5438675340edae4ad4) Importer(815301076,1909f56bfc062723c751e8b465ee728b)  -> (artifact id: '4d3808c1815d21695378bb6897c6797a') in 0.015776 seconds 
  Import took 0.018697 seconds .

========================================================================
Received Import Request.
  Time since last request: 1.636728 seconds.
  path: Assets/Prefabs/Ammo.prefab
  artifactKey: Guid(4da598beb19c0f5438675340edae4ad4) Importer(815301076,1909f56bfc062723c751e8b465ee728b)
Start importing Assets/Prefabs/Ammo.prefab using Guid(4da598beb19c0f5438675340edae4ad4) Importer(815301076,1909f56bfc062723c751e8b465ee728b)  -> (artifact id: '528295d3e71a0cf8541230cfb7fbc3b6') in 0.012329 seconds 
  Import took 0.014682 seconds .

========================================================================
Received Import Request.
  Time since last request: 9.240945 seconds.
  path: Assets/Prefabs/Ammo.prefab
  artifactKey: Guid(4da598beb19c0f5438675340edae4ad4) Importer(815301076,1909f56bfc062723c751e8b465ee728b)
Start importing Assets/Prefabs/Ammo.prefab using Guid(4da598beb19c0f5438675340edae4ad4) Importer(815301076,1909f56bfc062723c751e8b465ee728b)  -> (artifact id: '8ed0514897894e0b89e10e6fdaaa5f51') in 0.009193 seconds 
  Import took 0.012053 seconds .

========================================================================
Received Import Request.
  Time since last request: 3.200076 seconds.
  path: Assets/Prefabs/Ammo.prefab
  artifactKey: Guid(4da598beb19c0f5438675340edae4ad4) Importer(815301076,1909f56bfc062723c751e8b465ee728b)
Start importing Assets/Prefabs/Ammo.prefab using Guid(4da598beb19c0f5438675340edae4ad4) Importer(815301076,1909f56bfc062723c751e8b465ee728b)  -> (artifact id: '5a1c0c6a4bed8b5ad57b3f4f7b06ca14') in 0.009230 seconds 
  Import took 0.022187 seconds .

========================================================================
Received Import Request.
  Time since last request: 5.226103 seconds.
  path: Assets/Prefabs/Ammo.prefab
  artifactKey: Guid(4da598beb19c0f5438675340edae4ad4) Importer(815301076,1909f56bfc062723c751e8b465ee728b)
Start importing Assets/Prefabs/Ammo.prefab using Guid(4da598beb19c0f5438675340edae4ad4) Importer(815301076,1909f56bfc062723c751e8b465ee728b)  -> (artifact id: '0a959271ae1e7f5724a843f3fb0e4955') in 0.010005 seconds 
  Import took 0.012275 seconds .

========================================================================
Received Import Request.
  Time since last request: 2.221964 seconds.
  path: Assets/Prefabs/Ammo.prefab
  artifactKey: Guid(4da598beb19c0f5438675340edae4ad4) Importer(815301076,1909f56bfc062723c751e8b465ee728b)
Start importing Assets/Prefabs/Ammo.prefab using Guid(4da598beb19c0f5438675340edae4ad4) Importer(815301076,1909f56bfc062723c751e8b465ee728b)  -> (artifact id: '9bc77937562b2374d289d639612e698b') in 0.008725 seconds 
  Import took 0.011281 seconds .

========================================================================
Received Import Request.
  Time since last request: 3.009215 seconds.
  path: Assets/Prefabs/Ammo.prefab
  artifactKey: Guid(4da598beb19c0f5438675340edae4ad4) Importer(815301076,1909f56bfc062723c751e8b465ee728b)
Start importing Assets/Prefabs/Ammo.prefab using Guid(4da598beb19c0f5438675340edae4ad4) Importer(815301076,1909f56bfc062723c751e8b465ee728b)  -> (artifact id: 'a460f8d6b91570909499a780721a310a') in 0.009558 seconds 
  Import took 0.012545 seconds .

========================================================================
Received Import Request.
  Time since last request: 2.419679 seconds.
  path: Assets/Prefabs/Ammo.prefab
  artifactKey: Guid(4da598beb19c0f5438675340edae4ad4) Importer(815301076,1909f56bfc062723c751e8b465ee728b)
Start importing Assets/Prefabs/Ammo.prefab using Guid(4da598beb19c0f5438675340edae4ad4) Importer(815301076,1909f56bfc062723c751e8b465ee728b)  -> (artifact id: '0af88ebd4368c948b926e6d5ef91df02') in 0.010899 seconds 
  Import took 0.013244 seconds .

========================================================================
Received Import Request.
  Time since last request: 2.229228 seconds.
  path: Assets/Prefabs/Ammo.prefab
  artifactKey: Guid(4da598beb19c0f5438675340edae4ad4) Importer(815301076,1909f56bfc062723c751e8b465ee728b)
Start importing Assets/Prefabs/Ammo.prefab using Guid(4da598beb19c0f5438675340edae4ad4) Importer(815301076,1909f56bfc062723c751e8b465ee728b)  -> (artifact id: 'c217ed023f32b294283d8cd54a80e699') in 0.010714 seconds 
  Import took 0.013116 seconds .

========================================================================
Received Import Request.
  Time since last request: 4.599296 seconds.
  path: Assets/Prefabs/Ammo.prefab
  artifactKey: Guid(4da598beb19c0f5438675340edae4ad4) Importer(815301076,1909f56bfc062723c751e8b465ee728b)
Start importing Assets/Prefabs/Ammo.prefab using Guid(4da598beb19c0f5438675340edae4ad4) Importer(815301076,1909f56bfc062723c751e8b465ee728b)  -> (artifact id: '73b67efda5cabda7aaf03fe336ed0239') in 0.009346 seconds 
  Import took 0.011929 seconds .

========================================================================
Received Import Request.
  Time since last request: 3.823383 seconds.
  path: Assets/Prefabs/Ammo.prefab
  artifactKey: Guid(4da598beb19c0f5438675340edae4ad4) Importer(815301076,1909f56bfc062723c751e8b465ee728b)
Start importing Assets/Prefabs/Ammo.prefab using Guid(4da598beb19c0f5438675340edae4ad4) Importer(815301076,1909f56bfc062723c751e8b465ee728b)  -> (artifact id: 'd5f6b83f9b6b3c1370ca5db16bc77612') in 0.008482 seconds 
  Import took 0.010890 seconds .

========================================================================
Received Import Request.
  Time since last request: 1.036379 seconds.
  path: Assets/Prefabs/Ammo.prefab
  artifactKey: Guid(4da598beb19c0f5438675340edae4ad4) Importer(815301076,1909f56bfc062723c751e8b465ee728b)
Start importing Assets/Prefabs/Ammo.prefab using Guid(4da598beb19c0f5438675340edae4ad4) Importer(815301076,1909f56bfc062723c751e8b465ee728b)  -> (artifact id: 'f697d56b25b613793f29fbdf1bc8b45f') in 0.011096 seconds 
  Import took 0.014159 seconds .

========================================================================
Received Prepare
Registering precompiled user dll's ...
Registered in 0.003810 seconds.
Begin MonoManager ReloadAssembly
Native extension for WindowsStandalone target not found
Native extension for WebGL target not found
Refreshing native plugins compatible for Editor in 0.29 ms, found 2 plugins.
Preloading 0 native plugins for Editor in 0.00 ms.
Mono: successfully reloaded assembly
- Completed reload, in  0.816 seconds
Domain Reload Profiling:
	ReloadAssembly (817ms)
		BeginReloadAssembly (83ms)
			ExecutionOrderSort (0ms)
			DisableScriptedObjects (3ms)
			BackupInstance (0ms)
			ReleaseScriptingObjects (0ms)
			CreateAndSetChildDomain (26ms)
		EndReloadAssembly (686ms)
			LoadAssemblies (68ms)
			RebuildTransferFunctionScriptingTraits (0ms)
			SetupTypeCache (219ms)
			ReleaseScriptCaches (1ms)
			RebuildScriptCaches (31ms)
			SetupLoadedEditorAssemblies (287ms)
				LogAssemblyErrors (0ms)
				InitializePlatformSupportModulesInManaged (5ms)
				SetLoadedEditorAssemblies (0ms)
				RefreshPlugins (0ms)
				BeforeProcessingInitializeOnLoad (55ms)
				ProcessInitializeOnLoadAttributes (222ms)
				ProcessInitializeOnLoadMethodAttributes (3ms)
				AfterProcessingInitializeOnLoad (2ms)
				EditorAssembliesLoaded (0ms)
			ExecutionOrderSort2 (0ms)
			AwakeInstancesAfterBackupRestoration (5ms)
Platform modules already initialized, skipping
Refreshing native plugins compatible for Editor in 0.31 ms, found 2 plugins.
Preloading 0 native plugins for Editor in 0.00 ms.
Unloading 1441 Unused Serialized files (Serialized files now loaded: 0)
System memory in use before: 70.4 MB.
System memory in use after: 70.5 MB.

Unloading 13 unused Assets to reduce memory usage. Loaded Objects now: 1920.
Total: 2.784996 ms (FindLiveObjects: 0.161849 ms CreateObjectMapping: 0.038684 ms MarkObjects: 2.552890 ms  DeleteObjects: 0.030720 ms)

AssetImportParameters requested are different than current active one (requested -> active):
  custom:framework-win-MediaFoundation: 216162199b28c13a410421893ffa2e32 -> 
  custom:video-decoder-ogg-theora: a1e56fd34408186e4bbccfd4996cb3dc -> 
  custom:container-muxer-webm: aa71ff27fc2769a1b78a27578f13a17b -> 
  custom:container-demuxer-webm: 4f35f7cbe854078d1ac9338744f61a02 -> 
  custom:container-demuxer-ogg: 62fdf1f143b41e24485cea50d1cbac27 -> 
  custom:video-encoder-webm-vp8: eb34c28f22e8b96e1ab97ce403110664 -> 
  custom:video-decoder-webm-vp8: 9c59270c3fd7afecdb556c50c9e8de78 -> 
  custom:audio-decoder-ogg-vorbis: bf7c407c2cedff20999df2af8eb42d56 -> 
  custom:audio-encoder-webm-vorbis: bf7c407c2cedff20999df2af8eb42d56 -> 
========================================================================
Received Import Request.
  Time since last request: 58.455457 seconds.
  path: Assets/Prefabs/Ammo.prefab
  artifactKey: Guid(4da598beb19c0f5438675340edae4ad4) Importer(815301076,1909f56bfc062723c751e8b465ee728b)
Start importing Assets/Prefabs/Ammo.prefab using Guid(4da598beb19c0f5438675340edae4ad4) Importer(815301076,1909f56bfc062723c751e8b465ee728b)  -> (artifact id: 'c2eb917455e00cb92df1f07689817e65') in 0.045931 seconds 
  Import took 0.048094 seconds .

========================================================================
Received Prepare
Registering precompiled user dll's ...
Registered in 0.002714 seconds.
Begin MonoManager ReloadAssembly
Native extension for WindowsStandalone target not found
Native extension for WebGL target not found
Refreshing native plugins compatible for Editor in 0.30 ms, found 2 plugins.
Preloading 0 native plugins for Editor in 0.00 ms.
Mono: successfully reloaded assembly
- Completed reload, in  0.823 seconds
Domain Reload Profiling:
	ReloadAssembly (823ms)
		BeginReloadAssembly (83ms)
			ExecutionOrderSort (0ms)
			DisableScriptedObjects (4ms)
			BackupInstance (0ms)
			ReleaseScriptingObjects (0ms)
			CreateAndSetChildDomain (26ms)
		EndReloadAssembly (691ms)
			LoadAssemblies (68ms)
			RebuildTransferFunctionScriptingTraits (0ms)
			SetupTypeCache (217ms)
			ReleaseScriptCaches (1ms)
			RebuildScriptCaches (32ms)
			SetupLoadedEditorAssemblies (294ms)
				LogAssemblyErrors (0ms)
				InitializePlatformSupportModulesInManaged (5ms)
				SetLoadedEditorAssemblies (0ms)
				RefreshPlugins (0ms)
				BeforeProcessingInitializeOnLoad (55ms)
				ProcessInitializeOnLoadAttributes (229ms)
				ProcessInitializeOnLoadMethodAttributes (3ms)
				AfterProcessingInitializeOnLoad (2ms)
				EditorAssembliesLoaded (0ms)
			ExecutionOrderSort2 (0ms)
			AwakeInstancesAfterBackupRestoration (5ms)
Platform modules already initialized, skipping
Refreshing native plugins compatible for Editor in 0.32 ms, found 2 plugins.
Preloading 0 native plugins for Editor in 0.00 ms.
Unloading 1441 Unused Serialized files (Serialized files now loaded: 0)
System memory in use before: 70.4 MB.
System memory in use after: 70.5 MB.

Unloading 13 unused Assets to reduce memory usage. Loaded Objects now: 1923.
Total: 2.440250 ms (FindLiveObjects: 0.142222 ms CreateObjectMapping: 0.065707 ms MarkObjects: 2.217245 ms  DeleteObjects: 0.014507 ms)

AssetImportParameters requested are different than current active one (requested -> active):
  custom:framework-win-MediaFoundation: 216162199b28c13a410421893ffa2e32 -> 
  custom:video-decoder-ogg-theora: a1e56fd34408186e4bbccfd4996cb3dc -> 
  custom:container-muxer-webm: aa71ff27fc2769a1b78a27578f13a17b -> 
  custom:container-demuxer-webm: 4f35f7cbe854078d1ac9338744f61a02 -> 
  custom:container-demuxer-ogg: 62fdf1f143b41e24485cea50d1cbac27 -> 
  custom:video-encoder-webm-vp8: eb34c28f22e8b96e1ab97ce403110664 -> 
  custom:video-decoder-webm-vp8: 9c59270c3fd7afecdb556c50c9e8de78 -> 
  custom:audio-decoder-ogg-vorbis: bf7c407c2cedff20999df2af8eb42d56 -> 
  custom:audio-encoder-webm-vorbis: bf7c407c2cedff20999df2af8eb42d56 -> 
========================================================================
Received Import Request.
  Time since last request: 57.744927 seconds.
  path: Assets/Prefabs/Ammo.prefab
  artifactKey: Guid(4da598beb19c0f5438675340edae4ad4) Importer(815301076,1909f56bfc062723c751e8b465ee728b)
Start importing Assets/Prefabs/Ammo.prefab using Guid(4da598beb19c0f5438675340edae4ad4) Importer(815301076,1909f56bfc062723c751e8b465ee728b)  -> (artifact id: '0c5c50efa6473452bcaaebec7d34ee43') in 0.044343 seconds 
  Import took 0.046574 seconds .

========================================================================
Received Import Request.
  Time since last request: 1.484128 seconds.
  path: Assets/Prefabs/Ammo.prefab
  artifactKey: Guid(4da598beb19c0f5438675340edae4ad4) Importer(815301076,1909f56bfc062723c751e8b465ee728b)
Start importing Assets/Prefabs/Ammo.prefab using Guid(4da598beb19c0f5438675340edae4ad4) Importer(815301076,1909f56bfc062723c751e8b465ee728b)  -> (artifact id: '0c5c50efa6473452bcaaebec7d34ee43') in 0.008805 seconds 
  Import took 0.011182 seconds .

========================================================================
Received Prepare
Registering precompiled user dll's ...
Registered in 0.003915 seconds.
Begin MonoManager ReloadAssembly
Native extension for WindowsStandalone target not found
Native extension for WebGL target not found
Refreshing native plugins compatible for Editor in 0.30 ms, found 2 plugins.
Preloading 0 native plugins for Editor in 0.00 ms.
Mono: successfully reloaded assembly
- Completed reload, in  0.857 seconds
Domain Reload Profiling:
	ReloadAssembly (858ms)
		BeginReloadAssembly (90ms)
			ExecutionOrderSort (0ms)
			DisableScriptedObjects (3ms)
			BackupInstance (0ms)
			ReleaseScriptingObjects (0ms)
			CreateAndSetChildDomain (27ms)
		EndReloadAssembly (721ms)
			LoadAssemblies (70ms)
			RebuildTransferFunctionScriptingTraits (0ms)
			SetupTypeCache (225ms)
			ReleaseScriptCaches (1ms)
			RebuildScriptCaches (35ms)
			SetupLoadedEditorAssemblies (296ms)
				LogAssemblyErrors (0ms)
				InitializePlatformSupportModulesInManaged (5ms)
				SetLoadedEditorAssemblies (0ms)
				RefreshPlugins (0ms)
				BeforeProcessingInitializeOnLoad (55ms)
				ProcessInitializeOnLoadAttributes (230ms)
				ProcessInitializeOnLoadMethodAttributes (3ms)
				AfterProcessingInitializeOnLoad (2ms)
				EditorAssembliesLoaded (0ms)
			ExecutionOrderSort2 (0ms)
			AwakeInstancesAfterBackupRestoration (7ms)
Platform modules already initialized, skipping
Refreshing native plugins compatible for Editor in 0.32 ms, found 2 plugins.
Preloading 0 native plugins for Editor in 0.00 ms.
Unloading 1441 Unused Serialized files (Serialized files now loaded: 0)
System memory in use before: 70.4 MB.
System memory in use after: 70.5 MB.

Unloading 13 unused Assets to reduce memory usage. Loaded Objects now: 1926.
Total: 2.568250 ms (FindLiveObjects: 0.221582 ms CreateObjectMapping: 0.041813 ms MarkObjects: 2.289210 ms  DeleteObjects: 0.014791 ms)

AssetImportParameters requested are different than current active one (requested -> active):
  custom:framework-win-MediaFoundation: 216162199b28c13a410421893ffa2e32 -> 
  custom:video-decoder-ogg-theora: a1e56fd34408186e4bbccfd4996cb3dc -> 
  custom:container-muxer-webm: aa71ff27fc2769a1b78a27578f13a17b -> 
  custom:container-demuxer-webm: 4f35f7cbe854078d1ac9338744f61a02 -> 
  custom:container-demuxer-ogg: 62fdf1f143b41e24485cea50d1cbac27 -> 
  custom:video-encoder-webm-vp8: eb34c28f22e8b96e1ab97ce403110664 -> 
  custom:video-decoder-webm-vp8: 9c59270c3fd7afecdb556c50c9e8de78 -> 
  custom:audio-decoder-ogg-vorbis: bf7c407c2cedff20999df2af8eb42d56 -> 
  custom:audio-encoder-webm-vorbis: bf7c407c2cedff20999df2af8eb42d56 -> 
========================================================================
Received Import Request.
  Time since last request: 21.704947 seconds.
  path: Assets/Prefabs/Enemies/Enemy1.prefab
  artifactKey: Guid(e7abf28f3079f624f826cdf0479dc703) Importer(815301076,1909f56bfc062723c751e8b465ee728b)
Start importing Assets/Prefabs/Enemies/Enemy1.prefab using Guid(e7abf28f3079f624f826cdf0479dc703) Importer(815301076,1909f56bfc062723c751e8b465ee728b)  -> (artifact id: 'a8129c0905dbee18c5dd157a92345236') in 0.071479 seconds 
  Import took 0.074066 seconds .

========================================================================
Received Import Request.
  Time since last request: 24.054324 seconds.
  path: Assets/Prefabs/Enemies/Enemy1.prefab
  artifactKey: Guid(e7abf28f3079f624f826cdf0479dc703) Importer(815301076,1909f56bfc062723c751e8b465ee728b)
Start importing Assets/Prefabs/Enemies/Enemy1.prefab using Guid(e7abf28f3079f624f826cdf0479dc703) Importer(815301076,1909f56bfc062723c751e8b465ee728b)  -> (artifact id: '4cb70bb70c51e3737473b78ff8e532c6') in 0.007605 seconds 
  Import took 0.009978 seconds .

========================================================================
Received Import Request.
  Time since last request: 0.006971 seconds.
  path: Assets/Prefabs/Enemies/Enemy1.prefab
  artifactKey: Guid(e7abf28f3079f624f826cdf0479dc703) Importer(815301076,1909f56bfc062723c751e8b465ee728b)
Start importing Assets/Prefabs/Enemies/Enemy1.prefab using Guid(e7abf28f3079f624f826cdf0479dc703) Importer(815301076,1909f56bfc062723c751e8b465ee728b)  -> (artifact id: '4cb70bb70c51e3737473b78ff8e532c6') in 0.008881 seconds 
  Import took 0.011298 seconds .

========================================================================
Received Import Request.
  Time since last request: 0.578558 seconds.
  path: Assets/Prefabs/Enemies/Enemy1.prefab
  artifactKey: Guid(e7abf28f3079f624f826cdf0479dc703) Importer(815301076,1909f56bfc062723c751e8b465ee728b)
Start importing Assets/Prefabs/Enemies/Enemy1.prefab using Guid(e7abf28f3079f624f826cdf0479dc703) Importer(815301076,1909f56bfc062723c751e8b465ee728b)  -> (artifact id: 'e3ade338b0dbcd23e59592df879ae640') in 0.007959 seconds 
  Import took 0.010463 seconds .

========================================================================
Received Import Request.
  Time since last request: 0.867921 seconds.
  path: Assets/Prefabs/Enemies/Enemy1.prefab
  artifactKey: Guid(e7abf28f3079f624f826cdf0479dc703) Importer(815301076,1909f56bfc062723c751e8b465ee728b)
Start importing Assets/Prefabs/Enemies/Enemy1.prefab using Guid(e7abf28f3079f624f826cdf0479dc703) Importer(815301076,1909f56bfc062723c751e8b465ee728b)  -> (artifact id: '43d18b46efef43d507c82b3c7acffe26') in 0.010269 seconds 
  Import took 0.012530 seconds .

========================================================================
Received Prepare
Registering precompiled user dll's ...
Registered in 0.002856 seconds.
Begin MonoManager ReloadAssembly
Native extension for WindowsStandalone target not found
Native extension for WebGL target not found
Refreshing native plugins compatible for Editor in 0.37 ms, found 2 plugins.
Preloading 0 native plugins for Editor in 0.00 ms.
Mono: successfully reloaded assembly
- Completed reload, in  0.811 seconds
Domain Reload Profiling:
	ReloadAssembly (811ms)
		BeginReloadAssembly (90ms)
			ExecutionOrderSort (0ms)
			DisableScriptedObjects (4ms)
			BackupInstance (0ms)
			ReleaseScriptingObjects (0ms)
			CreateAndSetChildDomain (28ms)
		EndReloadAssembly (675ms)
			LoadAssemblies (67ms)
			RebuildTransferFunctionScriptingTraits (0ms)
			SetupTypeCache (219ms)
			ReleaseScriptCaches (1ms)
			RebuildScriptCaches (31ms)
			SetupLoadedEditorAssemblies (280ms)
				LogAssemblyErrors (0ms)
				InitializePlatformSupportModulesInManaged (5ms)
				SetLoadedEditorAssemblies (0ms)
				RefreshPlugins (0ms)
				BeforeProcessingInitializeOnLoad (54ms)
				ProcessInitializeOnLoadAttributes (215ms)
				ProcessInitializeOnLoadMethodAttributes (3ms)
				AfterProcessingInitializeOnLoad (2ms)
				EditorAssembliesLoaded (0ms)
			ExecutionOrderSort2 (0ms)
			AwakeInstancesAfterBackupRestoration (5ms)
Platform modules already initialized, skipping
Refreshing native plugins compatible for Editor in 0.38 ms, found 2 plugins.
Preloading 0 native plugins for Editor in 0.00 ms.
Unloading 1441 Unused Serialized files (Serialized files now loaded: 0)
System memory in use before: 70.4 MB.
System memory in use after: 70.6 MB.

Unloading 13 unused Assets to reduce memory usage. Loaded Objects now: 1929.
Total: 2.614045 ms (FindLiveObjects: 0.158720 ms CreateObjectMapping: 0.047218 ms MarkObjects: 2.366863 ms  DeleteObjects: 0.040391 ms)

AssetImportParameters requested are different than current active one (requested -> active):
  custom:framework-win-MediaFoundation: 216162199b28c13a410421893ffa2e32 -> 
  custom:video-decoder-ogg-theora: a1e56fd34408186e4bbccfd4996cb3dc -> 
  custom:container-muxer-webm: aa71ff27fc2769a1b78a27578f13a17b -> 
  custom:container-demuxer-webm: 4f35f7cbe854078d1ac9338744f61a02 -> 
  custom:container-demuxer-ogg: 62fdf1f143b41e24485cea50d1cbac27 -> 
  custom:video-encoder-webm-vp8: eb34c28f22e8b96e1ab97ce403110664 -> 
  custom:video-decoder-webm-vp8: 9c59270c3fd7afecdb556c50c9e8de78 -> 
  custom:audio-decoder-ogg-vorbis: bf7c407c2cedff20999df2af8eb42d56 -> 
  custom:audio-encoder-webm-vorbis: bf7c407c2cedff20999df2af8eb42d56 -> 
========================================================================
Received Import Request.
  Time since last request: 238.974646 seconds.
  path: Assets/Prefabs/Waves/WaveType1.prefab
  artifactKey: Guid(ba15eaa7c373fd34ca5009d539ffb75f) Importer(815301076,1909f56bfc062723c751e8b465ee728b)
Start importing Assets/Prefabs/Waves/WaveType1.prefab using Guid(ba15eaa7c373fd34ca5009d539ffb75f) Importer(815301076,1909f56bfc062723c751e8b465ee728b)  -> (artifact id: 'fd83cc6fea0e32e3344330279769e29c') in 0.075696 seconds 
  Import took 0.078924 seconds .

========================================================================
Received Import Request.
  Time since last request: 7.526895 seconds.
  path: Assets/Prefabs/Enemies/Enemy1.prefab
  artifactKey: Guid(e7abf28f3079f624f826cdf0479dc703) Importer(815301076,1909f56bfc062723c751e8b465ee728b)
Start importing Assets/Prefabs/Enemies/Enemy1.prefab using Guid(e7abf28f3079f624f826cdf0479dc703) Importer(815301076,1909f56bfc062723c751e8b465ee728b)  -> (artifact id: '00afbd2e83c3cd91b69bd7248ab311ae') in 0.010474 seconds 
  Import took 0.013097 seconds .

========================================================================
Received Prepare
Registering precompiled user dll's ...
Registered in 0.004387 seconds.
Begin MonoManager ReloadAssembly
Native extension for WindowsStandalone target not found
Native extension for WebGL target not found
Refreshing native plugins compatible for Editor in 0.30 ms, found 2 plugins.
Preloading 0 native plugins for Editor in 0.00 ms.
Mono: successfully reloaded assembly
- Completed reload, in  0.855 seconds
Domain Reload Profiling:
	ReloadAssembly (855ms)
		BeginReloadAssembly (96ms)
			ExecutionOrderSort (0ms)
			DisableScriptedObjects (4ms)
			BackupInstance (0ms)
			ReleaseScriptingObjects (0ms)
			CreateAndSetChildDomain (30ms)
		EndReloadAssembly (713ms)
			LoadAssemblies (68ms)
			RebuildTransferFunctionScriptingTraits (0ms)
			SetupTypeCache (215ms)
			ReleaseScriptCaches (1ms)
			RebuildScriptCaches (31ms)
			SetupLoadedEditorAssemblies (319ms)
				LogAssemblyErrors (0ms)
				InitializePlatformSupportModulesInManaged (5ms)
				SetLoadedEditorAssemblies (0ms)
				RefreshPlugins (0ms)
				BeforeProcessingInitializeOnLoad (54ms)
				ProcessInitializeOnLoadAttributes (255ms)
				ProcessInitializeOnLoadMethodAttributes (3ms)
				AfterProcessingInitializeOnLoad (2ms)
				EditorAssembliesLoaded (0ms)
			ExecutionOrderSort2 (0ms)
			AwakeInstancesAfterBackupRestoration (5ms)
Platform modules already initialized, skipping
Refreshing native plugins compatible for Editor in 0.33 ms, found 2 plugins.
Preloading 0 native plugins for Editor in 0.00 ms.
Unloading 1441 Unused Serialized files (Serialized files now loaded: 0)
System memory in use before: 70.5 MB.
System memory in use after: 70.6 MB.

Unloading 13 unused Assets to reduce memory usage. Loaded Objects now: 1932.
Total: 2.568250 ms (FindLiveObjects: 0.145636 ms CreateObjectMapping: 0.042667 ms MarkObjects: 2.364587 ms  DeleteObjects: 0.014222 ms)

AssetImportParameters requested are different than current active one (requested -> active):
  custom:framework-win-MediaFoundation: 216162199b28c13a410421893ffa2e32 -> 
  custom:video-decoder-ogg-theora: a1e56fd34408186e4bbccfd4996cb3dc -> 
  custom:container-muxer-webm: aa71ff27fc2769a1b78a27578f13a17b -> 
  custom:container-demuxer-webm: 4f35f7cbe854078d1ac9338744f61a02 -> 
  custom:container-demuxer-ogg: 62fdf1f143b41e24485cea50d1cbac27 -> 
  custom:video-encoder-webm-vp8: eb34c28f22e8b96e1ab97ce403110664 -> 
  custom:video-decoder-webm-vp8: 9c59270c3fd7afecdb556c50c9e8de78 -> 
  custom:audio-decoder-ogg-vorbis: bf7c407c2cedff20999df2af8eb42d56 -> 
  custom:audio-encoder-webm-vorbis: bf7c407c2cedff20999df2af8eb42d56 -> 
========================================================================
Received Import Request.
  Time since last request: 764.519589 seconds.
  path: Assets/Prefabs/Ammo.prefab
  artifactKey: Guid(4da598beb19c0f5438675340edae4ad4) Importer(815301076,1909f56bfc062723c751e8b465ee728b)
Start importing Assets/Prefabs/Ammo.prefab using Guid(4da598beb19c0f5438675340edae4ad4) Importer(815301076,1909f56bfc062723c751e8b465ee728b)  -> (artifact id: 'e7dc486096bb04bed6cf1d1a2e9bc5b6') in 0.052240 seconds 
  Import took 0.054448 seconds .

========================================================================
Received Prepare
Registering precompiled user dll's ...
Registered in 0.003193 seconds.
Begin MonoManager ReloadAssembly
Native extension for WindowsStandalone target not found
Native extension for WebGL target not found
Refreshing native plugins compatible for Editor in 0.29 ms, found 2 plugins.
Preloading 0 native plugins for Editor in 0.00 ms.
Mono: successfully reloaded assembly
- Completed reload, in  0.821 seconds
Domain Reload Profiling:
	ReloadAssembly (821ms)
		BeginReloadAssembly (83ms)
			ExecutionOrderSort (0ms)
			DisableScriptedObjects (4ms)
			BackupInstance (0ms)
			ReleaseScriptingObjects (0ms)
			CreateAndSetChildDomain (26ms)
		EndReloadAssembly (691ms)
			LoadAssemblies (68ms)
			RebuildTransferFunctionScriptingTraits (0ms)
			SetupTypeCache (221ms)
			ReleaseScriptCaches (1ms)
			RebuildScriptCaches (31ms)
			SetupLoadedEditorAssemblies (292ms)
				LogAssemblyErrors (0ms)
				InitializePlatformSupportModulesInManaged (5ms)
				SetLoadedEditorAssemblies (0ms)
				RefreshPlugins (0ms)
				BeforeProcessingInitializeOnLoad (54ms)
				ProcessInitializeOnLoadAttributes (228ms)
				ProcessInitializeOnLoadMethodAttributes (3ms)
				AfterProcessingInitializeOnLoad (2ms)
				EditorAssembliesLoaded (0ms)
			ExecutionOrderSort2 (0ms)
			AwakeInstancesAfterBackupRestoration (6ms)
Platform modules already initialized, skipping
Refreshing native plugins compatible for Editor in 0.38 ms, found 2 plugins.
Preloading 0 native plugins for Editor in 0.00 ms.
Unloading 1441 Unused Serialized files (Serialized files now loaded: 0)
System memory in use before: 70.5 MB.
System memory in use after: 70.6 MB.

Unloading 13 unused Assets to reduce memory usage. Loaded Objects now: 1935.
Total: 2.476374 ms (FindLiveObjects: 0.122596 ms CreateObjectMapping: 0.037547 ms MarkObjects: 2.300303 ms  DeleteObjects: 0.015360 ms)

AssetImportParameters requested are different than current active one (requested -> active):
  custom:framework-win-MediaFoundation: 216162199b28c13a410421893ffa2e32 -> 
  custom:video-decoder-ogg-theora: a1e56fd34408186e4bbccfd4996cb3dc -> 
  custom:container-muxer-webm: aa71ff27fc2769a1b78a27578f13a17b -> 
  custom:container-demuxer-webm: 4f35f7cbe854078d1ac9338744f61a02 -> 
  custom:container-demuxer-ogg: 62fdf1f143b41e24485cea50d1cbac27 -> 
  custom:video-encoder-webm-vp8: eb34c28f22e8b96e1ab97ce403110664 -> 
  custom:video-decoder-webm-vp8: 9c59270c3fd7afecdb556c50c9e8de78 -> 
  custom:audio-decoder-ogg-vorbis: bf7c407c2cedff20999df2af8eb42d56 -> 
  custom:audio-encoder-webm-vorbis: bf7c407c2cedff20999df2af8eb42d56 -> 
========================================================================
Received Prepare
Registering precompiled user dll's ...
Registered in 0.002737 seconds.
Begin MonoManager ReloadAssembly
Native extension for WindowsStandalone target not found
Native extension for WebGL target not found
Refreshing native plugins compatible for Editor in 0.30 ms, found 2 plugins.
Preloading 0 native plugins for Editor in 0.00 ms.
Mono: successfully reloaded assembly
- Completed reload, in  0.871 seconds
Domain Reload Profiling:
	ReloadAssembly (872ms)
		BeginReloadAssembly (100ms)
			ExecutionOrderSort (0ms)
			DisableScriptedObjects (4ms)
			BackupInstance (0ms)
			ReleaseScriptingObjects (0ms)
			CreateAndSetChildDomain (26ms)
		EndReloadAssembly (722ms)
			LoadAssemblies (76ms)
			RebuildTransferFunctionScriptingTraits (0ms)
			SetupTypeCache (222ms)
			ReleaseScriptCaches (1ms)
			RebuildScriptCaches (35ms)
			SetupLoadedEditorAssemblies (315ms)
				LogAssemblyErrors (0ms)
				InitializePlatformSupportModulesInManaged (5ms)
				SetLoadedEditorAssemblies (0ms)
				RefreshPlugins (0ms)
				BeforeProcessingInitializeOnLoad (54ms)
				ProcessInitializeOnLoadAttributes (249ms)
				ProcessInitializeOnLoadMethodAttributes (4ms)
				AfterProcessingInitializeOnLoad (2ms)
				EditorAssembliesLoaded (0ms)
			ExecutionOrderSort2 (0ms)
			AwakeInstancesAfterBackupRestoration (5ms)
Platform modules already initialized, skipping
Refreshing native plugins compatible for Editor in 0.36 ms, found 2 plugins.
Preloading 0 native plugins for Editor in 0.00 ms.
Unloading 1441 Unused Serialized files (Serialized files now loaded: 0)
System memory in use before: 70.5 MB.
System memory in use after: 70.6 MB.

Unloading 13 unused Assets to reduce memory usage. Loaded Objects now: 1937.
Total: 2.588445 ms (FindLiveObjects: 0.144782 ms CreateObjectMapping: 0.039538 ms MarkObjects: 2.388481 ms  DeleteObjects: 0.015076 ms)

AssetImportParameters requested are different than current active one (requested -> active):
  custom:framework-win-MediaFoundation: 216162199b28c13a410421893ffa2e32 -> 
  custom:video-decoder-ogg-theora: a1e56fd34408186e4bbccfd4996cb3dc -> 
  custom:container-muxer-webm: aa71ff27fc2769a1b78a27578f13a17b -> 
  custom:container-demuxer-webm: 4f35f7cbe854078d1ac9338744f61a02 -> 
  custom:container-demuxer-ogg: 62fdf1f143b41e24485cea50d1cbac27 -> 
  custom:video-encoder-webm-vp8: eb34c28f22e8b96e1ab97ce403110664 -> 
  custom:video-decoder-webm-vp8: 9c59270c3fd7afecdb556c50c9e8de78 -> 
  custom:audio-decoder-ogg-vorbis: bf7c407c2cedff20999df2af8eb42d56 -> 
  custom:audio-encoder-webm-vorbis: bf7c407c2cedff20999df2af8eb42d56 -> 
========================================================================
Received Import Request.
  Time since last request: 533.194106 seconds.
  path: Assets/Prefabs/Waves/WaveType1.prefab
  artifactKey: Guid(ba15eaa7c373fd34ca5009d539ffb75f) Importer(815301076,1909f56bfc062723c751e8b465ee728b)
Start importing Assets/Prefabs/Waves/WaveType1.prefab using Guid(ba15eaa7c373fd34ca5009d539ffb75f) Importer(815301076,1909f56bfc062723c751e8b465ee728b)  -> (artifact id: '52244451b7745db96764c663646ee806') in 0.052962 seconds 
  Import took 0.055743 seconds .

========================================================================
Received Import Request.
  Time since last request: 109.346834 seconds.
  path: Assets/Prefabs/Enemies/Enemy1.prefab
  artifactKey: Guid(e7abf28f3079f624f826cdf0479dc703) Importer(815301076,1909f56bfc062723c751e8b465ee728b)
Start importing Assets/Prefabs/Enemies/Enemy1.prefab using Guid(e7abf28f3079f624f826cdf0479dc703) Importer(815301076,1909f56bfc062723c751e8b465ee728b)  -> (artifact id: '6e1357b236437ac923ceb7f218113268') in 0.012691 seconds 
  Import took 0.015045 seconds .

========================================================================
Received Import Request.
  Time since last request: 335.230363 seconds.
  path: Assets/Textures/Sprites/Enemies/Enemy_02.png
  artifactKey: Guid(6e3ff54409063764f9568e7e7958d905) Importer(815301076,1909f56bfc062723c751e8b465ee728b)
Start importing Assets/Textures/Sprites/Enemies/Enemy_02.png using Guid(6e3ff54409063764f9568e7e7958d905) Importer(815301076,1909f56bfc062723c751e8b465ee728b)  -> (artifact id: '7981f07ede00f229ddca73ca04aa16b7') in 0.032435 seconds 
  Import took 0.035385 seconds .

========================================================================
Received Import Request.
  Time since last request: 84.338276 seconds.
  path: Assets/Textures/Sprites/Enemies/Enemy_2.png
  artifactKey: Guid(95b3984b55ee7ef42a2a2705ce0ce9a4) Importer(815301076,1909f56bfc062723c751e8b465ee728b)
Start importing Assets/Textures/Sprites/Enemies/Enemy_2.png using Guid(95b3984b55ee7ef42a2a2705ce0ce9a4) Importer(815301076,1909f56bfc062723c751e8b465ee728b)  -> (artifact id: 'a88701003eb16b37d671e54f190e7e52') in 0.015823 seconds 
  Import took 0.018939 seconds .

========================================================================
Received Import Request.
  Time since last request: 0.002979 seconds.
  path: Assets/Textures/Sprites/Enemies/Enemy_2.png
  artifactKey: Guid(95b3984b55ee7ef42a2a2705ce0ce9a4) Importer(815301076,1909f56bfc062723c751e8b465ee728b)
Start importing Assets/Textures/Sprites/Enemies/Enemy_2.png using Guid(95b3984b55ee7ef42a2a2705ce0ce9a4) Importer(815301076,1909f56bfc062723c751e8b465ee728b)  -> (artifact id: 'a88701003eb16b37d671e54f190e7e52') in 0.013258 seconds 
  Import took 0.016631 seconds .

========================================================================
Received Import Request.
  Time since last request: 24.017461 seconds.
  path: Assets/Textures/Sprites/Enemies/Enemy_02.png
  artifactKey: Guid(6e3ff54409063764f9568e7e7958d905) Importer(815301076,1909f56bfc062723c751e8b465ee728b)
Start importing Assets/Textures/Sprites/Enemies/Enemy_02.png using Guid(6e3ff54409063764f9568e7e7958d905) Importer(815301076,1909f56bfc062723c751e8b465ee728b)  -> (artifact id: '0f14f6b115389758e068e4923cb07353') in 0.051186 seconds 
  Import took 0.054357 seconds .

========================================================================
Received Import Request.
  Time since last request: 188.891489 seconds.
  path: Assets/Prefabs/Enemies/Enemy2.prefab
  artifactKey: Guid(13a445695fa69ad41a3f594ba13442a7) Importer(815301076,1909f56bfc062723c751e8b465ee728b)
Start importing Assets/Prefabs/Enemies/Enemy2.prefab using Guid(13a445695fa69ad41a3f594ba13442a7) Importer(815301076,1909f56bfc062723c751e8b465ee728b)  -> (artifact id: '3ca571a367ca528b1ba4f986ca0ae039') in 0.009961 seconds 
  Import took 0.012684 seconds .

========================================================================
Received Import Request.
  Time since last request: 66.059644 seconds.
  path: Assets/Prefabs/Enemies/Enemy2.prefab
  artifactKey: Guid(13a445695fa69ad41a3f594ba13442a7) Importer(815301076,1909f56bfc062723c751e8b465ee728b)
Start importing Assets/Prefabs/Enemies/Enemy2.prefab using Guid(13a445695fa69ad41a3f594ba13442a7) Importer(815301076,1909f56bfc062723c751e8b465ee728b)  -> (artifact id: '38b4e10d9d85992055cebbbab0d56e62') in 0.014979 seconds 
  Import took 0.017376 seconds .

========================================================================
Received Import Request.
  Time since last request: 10.913964 seconds.
  path: Assets/Prefabs/Enemies/Enemy2.prefab
  artifactKey: Guid(13a445695fa69ad41a3f594ba13442a7) Importer(815301076,1909f56bfc062723c751e8b465ee728b)
Start importing Assets/Prefabs/Enemies/Enemy2.prefab using Guid(13a445695fa69ad41a3f594ba13442a7) Importer(815301076,1909f56bfc062723c751e8b465ee728b)  -> (artifact id: '0d569be8a611958aae4e7c75bcdec96c') in 0.010547 seconds 
  Import took 0.033543 seconds .

========================================================================
Received Import Request.
  Time since last request: 1.260120 seconds.
  path: Assets/Prefabs/Enemies/Enemy2.prefab
  artifactKey: Guid(13a445695fa69ad41a3f594ba13442a7) Importer(815301076,1909f56bfc062723c751e8b465ee728b)
Start importing Assets/Prefabs/Enemies/Enemy2.prefab using Guid(13a445695fa69ad41a3f594ba13442a7) Importer(815301076,1909f56bfc062723c751e8b465ee728b)  -> (artifact id: '29edbda0f484fc312a91cd39ba31a30a') in 0.010594 seconds 
  Import took 0.013301 seconds .

========================================================================
Received Import Request.
  Time since last request: 3.873113 seconds.
  path: Assets/Prefabs/Enemies/Enemy2.prefab
  artifactKey: Guid(13a445695fa69ad41a3f594ba13442a7) Importer(815301076,1909f56bfc062723c751e8b465ee728b)
Start importing Assets/Prefabs/Enemies/Enemy2.prefab using Guid(13a445695fa69ad41a3f594ba13442a7) Importer(815301076,1909f56bfc062723c751e8b465ee728b)  -> (artifact id: '1ce342525f442e29aa1fca7ad923f71d') in 0.011468 seconds 
  Import took 0.013876 seconds .

========================================================================
Received Import Request.
  Time since last request: 3.633644 seconds.
  path: Assets/Prefabs/Enemies/Enemy2.prefab
  artifactKey: Guid(13a445695fa69ad41a3f594ba13442a7) Importer(815301076,1909f56bfc062723c751e8b465ee728b)
Start importing Assets/Prefabs/Enemies/Enemy2.prefab using Guid(13a445695fa69ad41a3f594ba13442a7) Importer(815301076,1909f56bfc062723c751e8b465ee728b)  -> (artifact id: '8a1c0b823d31bdb522c263989ff8e279') in 0.010270 seconds 
  Import took 0.012584 seconds .

========================================================================
Received Import Request.
  Time since last request: 3.557967 seconds.
  path: Assets/Prefabs/Enemies/Enemy2.prefab
  artifactKey: Guid(13a445695fa69ad41a3f594ba13442a7) Importer(815301076,1909f56bfc062723c751e8b465ee728b)
Start importing Assets/Prefabs/Enemies/Enemy2.prefab using Guid(13a445695fa69ad41a3f594ba13442a7) Importer(815301076,1909f56bfc062723c751e8b465ee728b)  -> (artifact id: '9429413936ad61acf0c32bccadaae1bb') in 0.009909 seconds 
  Import took 0.012334 seconds .

========================================================================
Received Import Request.
  Time since last request: 0.794216 seconds.
  path: Assets/Prefabs/Enemies/Enemy2.prefab
  artifactKey: Guid(13a445695fa69ad41a3f594ba13442a7) Importer(815301076,1909f56bfc062723c751e8b465ee728b)
Start importing Assets/Prefabs/Enemies/Enemy2.prefab using Guid(13a445695fa69ad41a3f594ba13442a7) Importer(815301076,1909f56bfc062723c751e8b465ee728b)  -> (artifact id: '23b61ac7df866a40de7e94b86e0c9611') in 0.012753 seconds 
  Import took 0.015343 seconds .

========================================================================
Received Import Request.
  Time since last request: 0.430617 seconds.
  path: Assets/Prefabs/Enemies/Enemy2.prefab
  artifactKey: Guid(13a445695fa69ad41a3f594ba13442a7) Importer(815301076,1909f56bfc062723c751e8b465ee728b)
Start importing Assets/Prefabs/Enemies/Enemy2.prefab using Guid(13a445695fa69ad41a3f594ba13442a7) Importer(815301076,1909f56bfc062723c751e8b465ee728b)  -> (artifact id: 'f9a0f0630a03f8c3a34ce88433437178') in 0.013122 seconds 
  Import took 0.016121 seconds .

========================================================================
Received Import Request.
  Time since last request: 10.809035 seconds.
  path: Assets/Prefabs/Enemies/Enemy2.prefab
  artifactKey: Guid(13a445695fa69ad41a3f594ba13442a7) Importer(815301076,1909f56bfc062723c751e8b465ee728b)
Start importing Assets/Prefabs/Enemies/Enemy2.prefab using Guid(13a445695fa69ad41a3f594ba13442a7) Importer(815301076,1909f56bfc062723c751e8b465ee728b)  -> (artifact id: 'b5aaffa22ed9d9be2cebd0532d910c63') in 0.010874 seconds 
  Import took 0.013815 seconds .

========================================================================
Received Import Request.
  Time since last request: 3.125001 seconds.
  path: Assets/Prefabs/Enemies/Enemy2.prefab
  artifactKey: Guid(13a445695fa69ad41a3f594ba13442a7) Importer(815301076,1909f56bfc062723c751e8b465ee728b)
Start importing Assets/Prefabs/Enemies/Enemy2.prefab using Guid(13a445695fa69ad41a3f594ba13442a7) Importer(815301076,1909f56bfc062723c751e8b465ee728b)  -> (artifact id: 'ffd16cdf118c237bbd53656d5fb01597') in 0.009521 seconds 
  Import took 0.012126 seconds .

========================================================================
Received Import Request.
  Time since last request: 4.446353 seconds.
  path: Assets/Prefabs/Enemies/Enemy2.prefab
  artifactKey: Guid(13a445695fa69ad41a3f594ba13442a7) Importer(815301076,1909f56bfc062723c751e8b465ee728b)
Start importing Assets/Prefabs/Enemies/Enemy2.prefab using Guid(13a445695fa69ad41a3f594ba13442a7) Importer(815301076,1909f56bfc062723c751e8b465ee728b)  -> (artifact id: 'ac1b92fa6f36cb80d4fd32362afaa77b') in 0.010114 seconds 
  Import took 0.012688 seconds .

========================================================================
Received Import Request.
  Time since last request: 2.280673 seconds.
  path: Assets/Prefabs/Enemies/Enemy2.prefab
  artifactKey: Guid(13a445695fa69ad41a3f594ba13442a7) Importer(815301076,1909f56bfc062723c751e8b465ee728b)
Start importing Assets/Prefabs/Enemies/Enemy2.prefab using Guid(13a445695fa69ad41a3f594ba13442a7) Importer(815301076,1909f56bfc062723c751e8b465ee728b)  -> (artifact id: 'e314315140d477689cbc8a961418476d') in 0.013585 seconds 
  Import took 0.016785 seconds .

